
> app@1.0.0 start
> expo start

env: load .env
env: export EXPO_PUBLIC_API_URL EXPO_PUBLIC_SUPABASE_URL EXPO_PUBLIC_SUPABASE_ANON_KEY EXPO_PUBLIC_DEV_MODE
Starting project at /app
React Compiler enabled
Starting Metro Bundler
The following packages should be updated for best compatibility with the installed expo version:
  @react-native-async-storage/async-storage@3.0.2 - expected version: 2.2.0
  expo@54.0.31 - expected version: ~54.0.33
  expo-router@6.0.22 - expected version: ~6.0.23
  expo-video@3.0.15 - expected version: ~3.0.16
  jest-expo@55.0.12-canary-20260328-bdc6273 - expected version: ~54.0.17
Your project may not work correctly until you install the expected versions of the packages.
Waiting on http://localhost:8081
Logs for your project will appear below.
Web node_modules/expo-router/entry.js ░░░░░░░░░░░░░░░░  0.0% (0/1)
Web node_modules/expo-router/entry.js ▓▓▓▓▓▓▓▓▓▓░░░░░░ 64.0% ( 87/272)
Web node_modules/expo-router/entry.js ▓▓▓▓▓▓▓▓▓▓░░░░░░ 64.0% (275/455)
Web node_modules/expo-router/entry.js ▓▓▓▓▓▓▓▓▓▓░░░░░░ 64.0% (584/937)
Web node_modules/expo-router/entry.js ▓▓▓▓▓▓▓▓▓▓░░░░░░ 64.0% (1005/1325)
Web node_modules/expo-router/entry.js ▓▓▓▓▓▓▓▓▓▓▓░░░░░ 74.4% (1449/1684)
Web Bundled 21242ms node_modules/expo-router/entry.js (1979 modules)
Web node_modules/expo-router/entry.js ▓▓▓▓▓▓▓▓▓▓▓▓▓▓▓░ 99.9% (1979/1979)
 LOG  [web] Logs will appear in the browser console
Web Bundled 347ms node_modules/expo-router/entry.js (1 module)
Web node_modules/expo-router/entry.js ░░░░░░░░░░░░░░░░  0.0% (0/1)
 LOG  [web] Logs will appear in the browser console
Web Bundled 79ms node_modules/expo-router/entry.js (1 module)
 LOG  [web] Logs will appear in the browser console
Web Bundled 108ms node_modules/expo-router/entry.js (1 module)
 LOG  [web] Logs will appear in the browser console
