env: load .env
env: export EXPO_PUBLIC_API_URL EXPO_PUBLIC_SUPABASE_URL EXPO_PUBLIC_SUPABASE_ANON_KEY EXPO_PUBLIC_DEV_MODE
Starting project at /app
React Compiler enabled
Starting Metro Bundler
The following packages should be updated for best compatibility with the installed expo version:
  @react-native-async-storage/async-storage@3.0.2 - expected version: 2.2.0
  expo@54.0.31 - expected version: ~54.0.33
  expo-router@6.0.22 - expected version: ~6.0.23
  expo-video@3.0.15 - expected version: ~3.0.16
  jest-expo@55.0.12-canary-20260328-bdc6273 - expected version: ~54.0.17
Your project may not work correctly until you install the expected versions of the packages.
Waiting on http://localhost:8081
Logs for your project will appear below.
Web node_modules/expo-router/entry.js ░░░░░░░░░░░░░░░░  0.0% (0/1)
Web node_modules/expo-router/entry.js ▓▓▓▓▓▓▓▓▓░░░░░░░ 56.3% (161/313)
Web node_modules/expo-router/entry.js ▓▓▓▓▓▓▓▓▓░░░░░░░ 56.3% (356/627)
Web node_modules/expo-router/entry.js ▓▓▓▓▓▓▓▓▓░░░░░░░ 56.3% (598/958)
Web node_modules/expo-router/entry.js ▓▓▓▓▓▓▓▓▓░░░░░░░ 61.3% (1054/1346)
Web node_modules/expo-router/entry.js ▓▓▓▓▓▓▓▓▓▓▓░░░░░ 74.0% (1461/1716)
Web node_modules/expo-router/entry.js ▓▓▓▓▓▓▓▓▓▓▓▓▓▓▓░ 96.6% (1922/1956)
Web Bundled 21527ms node_modules/expo-router/entry.js (1977 modules)
 LOG  [web] Logs will appear in the browser console
Web node_modules/expo-router/entry.js ░░░░░░░░░░░░░░░░  0.0% (0/1)
Web Bundled 1848ms node_modules/expo-router/entry.js (1 module)
 LOG  [web] Logs will appear in the browser console
