Starting project at /app
React Compiler enabled
Starting Metro Bundler
The following packages should be updated for best compatibility with the installed expo version:
  expo@54.0.31 - expected version: ~54.0.33
  expo-router@6.0.22 - expected version: ~6.0.23
  expo-video@3.0.15 - expected version: ~3.0.16
Your project may not work correctly until you install the expected versions of the packages.
Waiting on http://localhost:8081
Logs for your project will appear below.
Web node_modules/expo-router/entry.js ░░░░░░░░░░░░░░░░  0.0% (0/1)
Web node_modules/expo-router/entry.js ▓▓▓▓▓░░░░░░░░░░░ 36.0% ( 36/160)
λ node_modules/expo-router/node/render.js ░░░░░░░░░░░░░░░░  4.9% ( 32/172)
Web node_modules/expo-router/entry.js ▓▓▓▓▓░░░░░░░░░░░ 36.0% (168/352)
λ node_modules/expo-router/node/render.js ▓▓▓░░░░░░░░░░░░░ 24.6% (186/375)
Web node_modules/expo-router/entry.js ▓▓▓▓▓░░░░░░░░░░░ 36.0% (309/580)
λ node_modules/expo-router/node/render.js ▓▓▓▓▓▓░░░░░░░░░░ 43.1% (373/615)
Web node_modules/expo-router/entry.js ▓▓▓▓▓░░░░░░░░░░░ 36.0% (461/831)
λ node_modules/expo-router/node/render.js ▓▓▓▓▓▓▓▓░░░░░░░░ 54.3% (490/665)
Web node_modules/expo-router/entry.js ▓▓▓▓▓▓▓░░░░░░░░░ 48.2% (684/985)
λ node_modules/expo-router/node/render.js ▓▓▓▓▓▓▓▓░░░░░░░░ 55.2% (661/976)
Web node_modules/expo-router/entry.js ▓▓▓▓▓▓▓▓░░░░░░░░ 55.1% ( 884/1271)
λ node_modules/expo-router/node/render.js ▓▓▓▓▓▓▓▓▓░░░░░░░ 57.8% ( 808/1143)
Web node_modules/expo-router/entry.js ▓▓▓▓▓▓▓▓▓▓░░░░░░ 63.9% (1199/1527)
λ node_modules/expo-router/node/render.js ▓▓▓▓▓▓▓▓▓░░░░░░░ 57.8% ( 966/1293)
Web node_modules/expo-router/entry.js ▓▓▓▓▓▓▓▓▓▓░░░░░░ 66.5% (1297/1590)
λ node_modules/expo-router/node/render.js ▓▓▓▓▓▓▓▓▓▓░░░░░░ 66.6% (1277/1581)
Web node_modules/expo-router/entry.js ▓▓▓▓▓▓▓▓▓▓▓▓░░░░ 77.8% (1561/1770)
λ node_modules/expo-router/node/render.js ▓▓▓▓▓▓▓▓▓▓▓░░░░░ 72.5% (1368/1611)
Web node_modules/expo-router/entry.js ▓▓▓▓▓▓▓▓▓▓▓▓░░░░ 81.2% (1655/1837)
λ node_modules/expo-router/node/render.js ▓▓▓▓▓▓▓▓▓▓▓▓░░░░ 81.1% (1589/1765)
Web node_modules/expo-router/entry.js ▓▓▓▓▓▓▓▓▓▓▓▓▓▓░░ 92.9% (1871/1941)
λ node_modules/expo-router/node/render.js ▓▓▓▓▓▓▓▓▓▓▓▓▓▓▓░ 95.3% (1832/1877)
λ Bundled 40924ms node_modules/expo-router/node/render.js (1980 modules)
API URL: http://localhost:8000
[expo-av]: Expo AV has been deprecated and will be removed in SDK 54. Use the `expo-audio` and `expo-video` packages to replace the required functionality.
λ  WARN  props.pointerEvents is deprecated. Use style.pointerEvents
λ  WARN  TouchableWithoutFeedback is deprecated. Please use Pressable.
Web node_modules/expo-router/entry.js ▓▓▓▓▓▓▓▓▓▓▓▓▓▓▓░ 99.5% (2029/2034)
Web Bundled 47046ms node_modules/expo-router/entry.js (2034 modules)
Web node_modules/expo-router/entry.js ▓▓▓▓▓░░░░░░░░░░░ 36.0% (361/602)
Web node_modules/expo-router/entry.js ▓▓▓▓▓▓░░░░░░░░░░ 38.9% (542/939)
Web node_modules/expo-router/entry.js ▓▓▓▓▓▓▓▓░░░░░░░░ 51.1% ( 777/1087)
Web node_modules/expo-router/entry.js ▓▓▓▓▓▓▓▓▓░░░░░░░ 60.6% (1118/1497)
Web node_modules/expo-router/entry.js ▓▓▓▓▓▓▓▓▓▓▓░░░░░ 70.0% (1426/1705)
Web node_modules/expo-router/entry.js ▓▓▓▓▓▓▓▓▓▓▓▓▓░░░ 87.3% (1775/1909)
Web Bundled 22612ms node_modules/expo-router/entry.js (2035 modules)
Web node_modules/expo-router/entry.js ░░░░░░░░░░░░░░░░  0.0% (0/1)
λ Bundled 79ms node_modules/expo-router/node/render.js (1 module)
API URL: http://localhost:8000
[expo-av]: Expo AV has been deprecated and will be removed in SDK 54. Use the `expo-audio` and `expo-video` packages to replace the required functionality.
λ  WARN  props.pointerEvents is deprecated. Use style.pointerEvents
λ  WARN  TouchableWithoutFeedback is deprecated. Please use Pressable.
Web node_modules/expo-router/entry.js ░░░░░░░░░░░░░░░░  0.0% (0/1)
Web Bundled 1035ms node_modules/expo-router/entry.js (1 module)
Web Bundled 174ms node_modules/expo-router/entry.js (1 module)
 LOG  [web] Logs will appear in the browser console
Web node_modules/expo-router/entry.js ░░░░░░░░░░░░░░░░  0.0% (0/1)
λ Bundled 104ms node_modules/expo-router/node/render.js (1 module)
API URL: http://localhost:8000
λ  WARN  [expo-av]: Expo AV has been deprecated and will be removed in SDK 54. Use the `expo-audio` and `expo-video` packages to replace the required functionality.
  factory (src/services/AudioPlayer.ts:3:1)
  <unknown> (components/ui/TheInspector.tsx:13:29)
λ  WARN  props.pointerEvents is deprecated. Use style.pointerEvents
λ  WARN  TouchableWithoutFeedback is deprecated. Please use Pressable.
Web node_modules/expo-router/entry.js ░░░░░░░░░░░░░░░░  0.0% (0/1)
Web Bundled 1371ms node_modules/expo-router/entry.js (1 module)
Web Bundled 214ms node_modules/expo-router/entry.js (1 module)
 LOG  [web] Logs will appear in the browser console
