Starting project at /app
React Compiler enabled
Starting Metro Bundler
The following packages should be updated for best compatibility with the installed expo version:
  expo@54.0.31 - expected version: ~54.0.33
  expo-router@6.0.22 - expected version: ~6.0.23
Your project may not work correctly until you install the expected versions of the packages.
Waiting on http://localhost:8081
Logs for your project will appear below.
Web node_modules/expo-router/entry.js ░░░░░░░░░░░░░░░░  0.0% (0/1)
Web node_modules/expo-router/entry.js ▓▓▓▓░░░░░░░░░░░░ 27.7% ( 41/181)
λ node_modules/expo-router/node/render.js ▓▓░░░░░░░░░░░░░░ 12.8% (105/293)
Web node_modules/expo-router/entry.js ▓▓▓▓░░░░░░░░░░░░ 27.7% (221/482)
λ node_modules/expo-router/node/render.js ▓▓▓▓▓▓▓░░░░░░░░░ 43.9% (308/465)
Web node_modules/expo-router/entry.js ▓▓▓▓▓░░░░░░░░░░░ 34.2% (512/875)
λ node_modules/expo-router/node/render.js ▓▓▓▓▓▓▓░░░░░░░░░ 48.9% (461/659)
Web node_modules/expo-router/entry.js ▓▓▓▓▓▓▓▓▓░░░░░░░ 60.8% ( 813/1068)
λ node_modules/expo-router/node/render.js ▓▓▓▓▓▓▓▓░░░░░░░░ 52.1% (648/942)
Web node_modules/expo-router/entry.js ▓▓▓▓▓▓▓▓▓▓▓░░░░░ 72.6% (1057/1241)
λ node_modules/expo-router/node/render.js ▓▓▓▓▓▓▓▓▓▓▓░░░░░ 69.0% ( 941/1133)
Web node_modules/expo-router/entry.js ▓▓▓▓▓▓▓▓▓▓▓▓░░░░ 77.3% (1244/1415)
λ node_modules/expo-router/node/render.js ▓▓▓▓▓▓▓▓▓▓▓▓░░░░ 78.1% (1124/1272)
Web node_modules/expo-router/entry.js ▓▓▓▓▓▓▓▓▓▓▓▓▓▓░░ 91.3% (1478/1547)
λ node_modules/expo-router/node/render.js ▓▓▓▓▓▓▓▓▓▓▓▓▓▓░░ 87.6% (1300/1389)
λ Bundled 27521ms node_modules/expo-router/node/render.js (1613 modules)
[expo-av]: Expo AV has been deprecated and will be removed in SDK 54. Use the `expo-audio` and `expo-video` packages to replace the required functionality.
λ  WARN  props.pointerEvents is deprecated. Use style.pointerEvents
"shadow*" style props are deprecated. Use "boxShadow".
Web node_modules/expo-router/entry.js ▓▓▓▓▓▓▓▓▓▓▓▓▓▓▓░ 99.9% (1665/1665)
Web Bundled 31409ms node_modules/expo-router/entry.js (1665 modules)
Web node_modules/expo-router/entry.js ▓▓▓▓▓▓▓▓▓▓▓▓▓▓▓░ 99.9% (1665/1665)
Web node_modules/expo-router/entry.js ▓▓▓▓▓░░░░░░░░░░░ 36.6% (549/908)
Web node_modules/expo-router/entry.js ▓▓▓▓▓▓▓▓▓▓▓░░░░░ 72.5% (1078/1266)
Web node_modules/expo-router/entry.js ▓▓▓▓▓▓▓▓▓▓▓▓▓▓░░ 88.9% (1442/1529)
Web Bundled 12846ms node_modules/expo-router/entry.js (1666 modules)
 LOG  [web] Logs will appear in the browser console
Web Bundled 621ms node_modules/expo-sqlite/web/worker.ts (16 modules)
Web node_modules/expo-router/entry.js ░░░░░░░░░░░░░░░░  0.0% (0/1)
λ Bundled 82ms node_modules/expo-router/node/render.js (1 module)
[expo-av]: Expo AV has been deprecated and will be removed in SDK 54. Use the `expo-audio` and `expo-video` packages to replace the required functionality.
λ  WARN  props.pointerEvents is deprecated. Use style.pointerEvents
"shadow*" style props are deprecated. Use "boxShadow".
Web Bundled 775ms node_modules/expo-router/entry.js (1 module)
Web Bundled 68ms node_modules/expo-router/entry.js (1 module)
 LOG  [web] Logs will appear in the browser console
Web Bundled 8ms node_modules/expo-sqlite/web/worker.ts (1 module)
