Starting project at /app
React Compiler enabled
Starting Metro Bundler
The following packages should be updated for best compatibility with the installed expo version:
  expo@54.0.31 - expected version: ~54.0.33
  expo-router@6.0.22 - expected version: ~6.0.23
Your project may not work correctly until you install the expected versions of the packages.
Waiting on http://localhost:8081
Logs for your project will appear below.
Web node_modules/expo-router/entry.js ░░░░░░░░░░░░░░░░  0.0% (0/1)
Web node_modules/expo-router/entry.js ▓▓▓▓░░░░░░░░░░░░ 25.0% ( 77/182)
λ node_modules/expo-router/node/render.js ▓▓▓░░░░░░░░░░░░░ 21.3% ( 90/195)
Web node_modules/expo-router/entry.js ▓▓▓▓▓▓▓▓░░░░░░░░ 52.5% (228/329)
λ node_modules/expo-router/node/render.js ▓▓▓▓▓▓░░░░░░░░░░ 38.8% (301/483)
Web node_modules/expo-router/entry.js ▓▓▓▓▓▓▓▓░░░░░░░░ 55.3% (359/494)
λ node_modules/expo-router/node/render.js ▓▓▓▓▓▓▓▓▓▓░░░░░░ 62.5% (512/675)
Web node_modules/expo-router/entry.js ▓▓▓▓▓▓▓▓▓░░░░░░░ 61.6% (491/684)
λ node_modules/expo-router/node/render.js ▓▓▓▓▓▓▓▓▓▓░░░░░░ 62.5% (778/984)
Web node_modules/expo-router/entry.js ▓▓▓▓▓▓▓▓▓░░░░░░░ 61.6% ( 685/1014)
λ node_modules/expo-router/node/render.js ▓▓▓▓▓▓▓▓▓▓░░░░░░ 63.7% (1028/1297)
Web node_modules/expo-router/entry.js ▓▓▓▓▓▓▓▓▓▓░░░░░░ 64.3% ( 950/1250)
λ node_modules/expo-router/node/render.js ▓▓▓▓▓▓▓▓▓▓░░░░░░ 66.4% (1241/1531)
Web node_modules/expo-router/entry.js ▓▓▓▓▓▓▓▓▓▓░░░░░░ 66.2% (1146/1408)
λ node_modules/expo-router/node/render.js ▓▓▓▓▓▓▓▓▓▓▓▓▓░░░ 81.9% (1532/1709)
Web node_modules/expo-router/entry.js ▓▓▓▓▓▓▓▓▓▓▓▓░░░░ 75.6% (1492/1723)
λ node_modules/expo-router/node/render.js ▓▓▓▓▓▓▓▓▓▓▓▓▓▓░░ 90.8% (1712/1797)
Web node_modules/expo-router/entry.js ▓▓▓▓▓▓▓▓▓▓▓▓▓▓░░ 90.9% (1762/1848)
λ node_modules/expo-router/node/render.js ▓▓▓▓▓▓▓▓▓▓▓▓▓▓▓░ 95.9% (1816/1864)
λ Bundled 32959ms node_modules/expo-router/node/render.js (1929 modules)
API URL: http://localhost:8000
"textShadow*" style props are deprecated. Use "textShadow".
[expo-av]: Expo AV has been deprecated and will be removed in SDK 54. Use the `expo-audio` and `expo-video` packages to replace the required functionality.
λ  WARN  props.pointerEvents is deprecated. Use style.pointerEvents
λ  WARN  TouchableWithoutFeedback is deprecated. Please use Pressable.
Web node_modules/expo-router/entry.js ▓▓▓▓▓▓▓▓▓▓▓▓▓▓▓░ 99.7% (1974/1980)
Web Bundled 38993ms node_modules/expo-router/entry.js (1981 modules)
Web node_modules/expo-router/entry.js ▓▓▓▓░░░░░░░░░░░░ 27.9% (387/756)
Web node_modules/expo-router/entry.js ▓▓▓▓▓▓▓▓░░░░░░░░ 50.9% ( 892/1250)
Web node_modules/expo-router/entry.js ▓▓▓▓▓▓▓▓▓▓░░░░░░ 67.8% (1388/1687)
Web node_modules/expo-router/entry.js ▓▓▓▓▓▓▓▓▓▓▓▓▓▓░░ 92.6% (1826/1898)
Web Bundled 14648ms node_modules/expo-router/entry.js (1982 modules)
 LOG  [web] Logs will appear in the browser console
Web node_modules/expo-router/entry.js ░░░░░░░░░░░░░░░░  0.0% (0/1)
λ Bundled 149ms node_modules/expo-router/node/render.js (1 module)
λ  LOG  API URL: http://localhost:8000
"textShadow*" style props are deprecated. Use "textShadow".
[expo-av]: Expo AV has been deprecated and will be removed in SDK 54. Use the `expo-audio` and `expo-video` packages to replace the required functionality.
λ  WARN  props.pointerEvents is deprecated. Use style.pointerEvents
λ  WARN  TouchableWithoutFeedback is deprecated. Please use Pressable.
Web node_modules/expo-router/entry.js ░░░░░░░░░░░░░░░░  0.0% (0/1)
Web Bundled 1499ms node_modules/expo-router/entry.js (1 module)
Web Bundled 230ms node_modules/expo-router/entry.js (1 module)
 LOG  [web] Logs will appear in the browser console
Web node_modules/expo-router/entry.js ░░░░░░░░░░░░░░░░  0.0% (0/1)
λ Bundled 80ms node_modules/expo-router/node/render.js (1 module)
λ  LOG  API URL: http://localhost:8000
"textShadow*" style props are deprecated. Use "textShadow".
[expo-av]: Expo AV has been deprecated and will be removed in SDK 54. Use the `expo-audio` and `expo-video` packages to replace the required functionality.
λ  WARN  props.pointerEvents is deprecated. Use style.pointerEvents
λ  WARN  TouchableWithoutFeedback is deprecated. Please use Pressable.
Web node_modules/expo-router/entry.js ░░░░░░░░░░░░░░░░  0.0% (0/1)
Web Bundled 693ms node_modules/expo-router/entry.js (1 module)
Web Bundled 109ms node_modules/expo-router/entry.js (1 module)
 LOG  [web] Logs will appear in the browser console
Web node_modules/expo-router/entry.js ░░░░░░░░░░░░░░░░  0.0% (0/1)
λ Bundled 59ms node_modules/expo-router/node/render.js (1 module)
λ  LOG  API URL: http://localhost:8000
"textShadow*" style props are deprecated. Use "textShadow".
[expo-av]: Expo AV has been deprecated and will be removed in SDK 54. Use the `expo-audio` and `expo-video` packages to replace the required functionality.
λ  WARN  props.pointerEvents is deprecated. Use style.pointerEvents
λ  WARN  TouchableWithoutFeedback is deprecated. Please use Pressable.
Web node_modules/expo-router/entry.js ░░░░░░░░░░░░░░░░  0.0% (0/1)
Web Bundled 719ms node_modules/expo-router/entry.js (1 module)
Web Bundled 188ms node_modules/expo-router/entry.js (1 module)
 LOG  [web] Logs will appear in the browser console
Web node_modules/expo-router/entry.js ░░░░░░░░░░░░░░░░  0.0% (0/1)
λ Bundled 75ms node_modules/expo-router/node/render.js (1 module)
λ  LOG  API URL: http://localhost:8000
"textShadow*" style props are deprecated. Use "textShadow".
[expo-av]: Expo AV has been deprecated and will be removed in SDK 54. Use the `expo-audio` and `expo-video` packages to replace the required functionality.
λ  WARN  props.pointerEvents is deprecated. Use style.pointerEvents
Web node_modules/expo-router/entry.js ░░░░░░░░░░░░░░░░  0.0% (0/1)
Web Bundled 1118ms node_modules/expo-router/entry.js (1 module)
Web Bundled 200ms node_modules/expo-router/entry.js (1 module)
 LOG  [web] Logs will appear in the browser console
Web node_modules/expo-router/entry.js ░░░░░░░░░░░░░░░░  0.0% (0/1)
λ Bundled 49ms node_modules/expo-router/node/render.js (1 module)
λ  LOG  API URL: http://localhost:8000
"textShadow*" style props are deprecated. Use "textShadow".
[expo-av]: Expo AV has been deprecated and will be removed in SDK 54. Use the `expo-audio` and `expo-video` packages to replace the required functionality.
λ  WARN  props.pointerEvents is deprecated. Use style.pointerEvents
λ  WARN  TouchableWithoutFeedback is deprecated. Please use Pressable.
Web node_modules/expo-router/entry.js ░░░░░░░░░░░░░░░░  0.0% (0/1)
Web Bundled 813ms node_modules/expo-router/entry.js (1 module)
Web Bundled 122ms node_modules/expo-router/entry.js (1 module)
 LOG  [web] Logs will appear in the browser console
Web node_modules/expo-router/entry.js ░░░░░░░░░░░░░░░░  0.0% (0/1)
λ Bundled 116ms node_modules/expo-router/node/render.js (1 module)
λ  LOG  API URL: http://localhost:8000
"textShadow*" style props are deprecated. Use "textShadow".
[expo-av]: Expo AV has been deprecated and will be removed in SDK 54. Use the `expo-audio` and `expo-video` packages to replace the required functionality.
λ  WARN  props.pointerEvents is deprecated. Use style.pointerEvents
λ  WARN  TouchableWithoutFeedback is deprecated. Please use Pressable.
Web node_modules/expo-router/entry.js ░░░░░░░░░░░░░░░░  0.0% (0/1)
Web Bundled 1390ms node_modules/expo-router/entry.js (1 module)
Web Bundled 129ms node_modules/expo-router/entry.js (1 module)
 LOG  [web] Logs will appear in the browser console
Web node_modules/expo-router/entry.js ░░░░░░░░░░░░░░░░  0.0% (0/1)
λ Bundled 73ms node_modules/expo-router/node/render.js (1 module)
λ  LOG  API URL: http://localhost:8000
"textShadow*" style props are deprecated. Use "textShadow".
[expo-av]: Expo AV has been deprecated and will be removed in SDK 54. Use the `expo-audio` and `expo-video` packages to replace the required functionality.
λ  WARN  props.pointerEvents is deprecated. Use style.pointerEvents
λ  WARN  TouchableWithoutFeedback is deprecated. Please use Pressable.
Web node_modules/expo-router/entry.js ░░░░░░░░░░░░░░░░  0.0% (0/1)
Web Bundled 620ms node_modules/expo-router/entry.js (1 module)
Web Bundled 106ms node_modules/expo-router/entry.js (1 module)
 LOG  [web] Logs will appear in the browser console
